[debug] [2023-02-11T01:22:46.138Z] ----------------------------------------------------------------------
[debug] [2023-02-11T01:22:46.140Z] Command:       C:\Program Files\nodejs\node.exe C:\Users\Ivan\AppData\Roaming\npm\node_modules\firebase-tools\lib\bin\firebase.js init
[debug] [2023-02-11T01:22:46.141Z] CLI Version:   11.22.0
[debug] [2023-02-11T01:22:46.141Z] Platform:      win32
[debug] [2023-02-11T01:22:46.141Z] Node Version:  v18.14.0
[debug] [2023-02-11T01:22:46.142Z] Time:          Fri Feb 10 2023 22:22:46 GMT-0300 (hora estándar de Argentina)
[debug] [2023-02-11T01:22:46.143Z] ----------------------------------------------------------------------
[debug] 
[debug] [2023-02-11T01:22:46.154Z] > command requires scopes: ["email","openid","https://www.googleapis.com/auth/cloudplatformprojects.readonly","https://www.googleapis.com/auth/firebase","https://www.googleapis.com/auth/cloud-platform"]
[debug] [2023-02-11T01:22:46.154Z] > authorizing via signed-in user (casativan@gmail.com)
[info] 
     ######## #### ########  ######## ########     ###     ######  ########
     ##        ##  ##     ## ##       ##     ##  ##   ##  ##       ##
     ######    ##  ########  ######   ########  #########  ######  ######
     ##        ##  ##    ##  ##       ##     ## ##     ##       ## ##
     ##       #### ##     ## ######## ########  ##     ##  ######  ########

You're about to initialize a Firebase project in this directory:

  C:\Users\Ivan\Documents\Facu\3-xExtra-YOPROGRAMO\ARCHIVOS-PORTAFOLIO\Repositorios\Oficial_FrontEnd

[info] 
=== Project Setup
[info] 
[info] First, let's associate this project directory with a Firebase project.
[info] You can create multiple project aliases by running firebase use --add, 
[info] but for now we'll just set up a default project.
[info] 
[info] i  If you want to create a project in a Google Cloud organization or folder, please use "firebase projects:create" instead, and return to this command when you've created the project. 
[debug] [2023-02-11T01:23:51.504Z] >>> [apiv2][query] POST https://cloudresourcemanager.googleapis.com/v1/projects [none]
[debug] [2023-02-11T01:23:51.504Z] >>> [apiv2][body] POST https://cloudresourcemanager.googleapis.com/v1/projects {"projectId":"portfolio-frontend","name":"firebase-portfolio"}
[debug] [2023-02-11T01:23:52.659Z] <<< [apiv2][status] POST https://cloudresourcemanager.googleapis.com/v1/projects 409
[debug] [2023-02-11T01:23:52.659Z] <<< [apiv2][body] POST https://cloudresourcemanager.googleapis.com/v1/projects {"error":{"code":409,"message":"Requested entity already exists","status":"ALREADY_EXISTS"}}
[debug] [2023-02-11T01:23:52.662Z] FirebaseError: HTTP Error: 409, Requested entity already exists
    at responseToError (C:\Users\Ivan\AppData\Roaming\npm\node_modules\firebase-tools\lib\responseToError.js:49:12)
    at RetryOperation._fn (C:\Users\Ivan\AppData\Roaming\npm\node_modules\firebase-tools\lib\apiv2.js:288:77)
    at process.processTicksAndRejections (node:internal/process/task_queues:95:5)
[error] 
[error] Error: Failed to create project because there is already a project with ID portfolio-frontend. Please try again with a unique project ID.
[debug] [2023-02-11T01:24:08.136Z] ----------------------------------------------------------------------
[debug] [2023-02-11T01:24:08.139Z] Command:       C:\Program Files\nodejs\node.exe C:\Users\Ivan\AppData\Roaming\npm\node_modules\firebase-tools\lib\bin\firebase.js init
[debug] [2023-02-11T01:24:08.140Z] CLI Version:   11.22.0
[debug] [2023-02-11T01:24:08.140Z] Platform:      win32
[debug] [2023-02-11T01:24:08.140Z] Node Version:  v18.14.0
[debug] [2023-02-11T01:24:08.142Z] Time:          Fri Feb 10 2023 22:24:08 GMT-0300 (hora estándar de Argentina)
[debug] [2023-02-11T01:24:08.142Z] ----------------------------------------------------------------------
[debug] 
[debug] [2023-02-11T01:24:08.154Z] > command requires scopes: ["email","openid","https://www.googleapis.com/auth/cloudplatformprojects.readonly","https://www.googleapis.com/auth/firebase","https://www.googleapis.com/auth/cloud-platform"]
[debug] [2023-02-11T01:24:08.154Z] > authorizing via signed-in user (casativan@gmail.com)
[info] 
     ######## #### ########  ######## ########     ###     ######  ########
     ##        ##  ##     ## ##       ##     ##  ##   ##  ##       ##
     ######    ##  ########  ######   ########  #########  ######  ######
     ##        ##  ##    ##  ##       ##     ## ##     ##       ## ##
     ##       #### ##     ## ######## ########  ##     ##  ######  ########

You're about to initialize a Firebase project in this directory:

  C:\Users\Ivan\Documents\Facu\3-xExtra-YOPROGRAMO\ARCHIVOS-PORTAFOLIO\Repositorios\Oficial_FrontEnd

[info] 
=== Project Setup
[info] 
[info] First, let's associate this project directory with a Firebase project.
[info] You can create multiple project aliases by running firebase use --add, 
[info] but for now we'll just set up a default project.
[info] 
[info] i  If you want to create a project in a Google Cloud organization or folder, please use "firebase projects:create" instead, and return to this command when you've created the project. 
[debug] [2023-02-11T01:27:59.892Z] >>> [apiv2][query] POST https://cloudresourcemanager.googleapis.com/v1/projects [none]
[debug] [2023-02-11T01:27:59.892Z] >>> [apiv2][body] POST https://cloudresourcemanager.googleapis.com/v1/projects {"projectId":"portfolioCsT-angular","name":"firebase-portfolio"}
[debug] [2023-02-11T01:28:01.205Z] <<< [apiv2][status] POST https://cloudresourcemanager.googleapis.com/v1/projects 400
[debug] [2023-02-11T01:28:01.206Z] <<< [apiv2][body] POST https://cloudresourcemanager.googleapis.com/v1/projects {"error":{"code":400,"message":"field [project_id] has issue [project_id contains invalid characters]","status":"INVALID_ARGUMENT","details":[{"@type":"type.googleapis.com/google.rpc.BadRequest","fieldViolations":[{"field":"project_id","description":"project_id contains invalid characters"}]},{"@type":"type.googleapis.com/google.rpc.Help","links":[{"url":"https://cloud.google.com/resource-manager/reference/rest/v1/projects"}]}]}}
[debug] [2023-02-11T01:28:01.209Z] FirebaseError: HTTP Error: 400, field [project_id] has issue [project_id contains invalid characters]
    at responseToError (C:\Users\Ivan\AppData\Roaming\npm\node_modules\firebase-tools\lib\responseToError.js:49:12)
    at RetryOperation._fn (C:\Users\Ivan\AppData\Roaming\npm\node_modules\firebase-tools\lib\apiv2.js:288:77)
    at process.processTicksAndRejections (node:internal/process/task_queues:95:5)
[error] 
[error] Error: Failed to create project. See firebase-debug.log for more info.
[debug] [2023-02-11T01:29:36.452Z] ----------------------------------------------------------------------
[debug] [2023-02-11T01:29:36.454Z] Command:       C:\Program Files\nodejs\node.exe C:\Users\Ivan\AppData\Roaming\npm\node_modules\firebase-tools\lib\bin\firebase.js init
[debug] [2023-02-11T01:29:36.455Z] CLI Version:   11.22.0
[debug] [2023-02-11T01:29:36.455Z] Platform:      win32
[debug] [2023-02-11T01:29:36.455Z] Node Version:  v18.14.0
[debug] [2023-02-11T01:29:36.456Z] Time:          Fri Feb 10 2023 22:29:36 GMT-0300 (hora estándar de Argentina)
[debug] [2023-02-11T01:29:36.456Z] ----------------------------------------------------------------------
[debug] 
[debug] [2023-02-11T01:29:36.468Z] > command requires scopes: ["email","openid","https://www.googleapis.com/auth/cloudplatformprojects.readonly","https://www.googleapis.com/auth/firebase","https://www.googleapis.com/auth/cloud-platform"]
[debug] [2023-02-11T01:29:36.468Z] > authorizing via signed-in user (casativan@gmail.com)
[info] 
     ######## #### ########  ######## ########     ###     ######  ########
     ##        ##  ##     ## ##       ##     ##  ##   ##  ##       ##
     ######    ##  ########  ######   ########  #########  ######  ######
     ##        ##  ##    ##  ##       ##     ## ##     ##       ## ##
     ##       #### ##     ## ######## ########  ##     ##  ######  ########

You're about to initialize a Firebase project in this directory:

  C:\Users\Ivan\Documents\Facu\3-xExtra-YOPROGRAMO\ARCHIVOS-PORTAFOLIO\Repositorios\Oficial_FrontEnd

[info] 
=== Project Setup
[info] 
[info] First, let's associate this project directory with a Firebase project.
[info] You can create multiple project aliases by running firebase use --add, 
[info] but for now we'll just set up a default project.
[info] 
[debug] [2023-02-11T01:30:10.932Z] >>> [apiv2][query] GET https://firebase.googleapis.com/v1beta1/projects pageSize=100
[debug] [2023-02-11T01:30:11.731Z] <<< [apiv2][status] GET https://firebase.googleapis.com/v1beta1/projects 200
[debug] [2023-02-11T01:30:11.731Z] <<< [apiv2][body] GET https://firebase.googleapis.com/v1beta1/projects [omitted]
[info] i  Using project fir-portfolio-220a9 (firebase-portfolio) 
[info] 
=== Hosting Setup
[info] 
[info] Your public directory is the folder (relative to your project directory) that
[info] will contain Hosting assets to be uploaded with firebase deploy. If you
[info] have a build process for your assets, use your build's output directory.
[info] 
[debug] [2023-02-11T01:31:04.940Z] ----------------------------------------------------------------------
[debug] [2023-02-11T01:31:04.942Z] Command:       C:\Program Files\nodejs\node.exe C:\Users\Ivan\AppData\Roaming\npm\node_modules\firebase-tools\lib\bin\firebase.js init
[debug] [2023-02-11T01:31:04.942Z] CLI Version:   11.22.0
[debug] [2023-02-11T01:31:04.943Z] Platform:      win32
[debug] [2023-02-11T01:31:04.943Z] Node Version:  v18.14.0
[debug] [2023-02-11T01:31:04.944Z] Time:          Fri Feb 10 2023 22:31:04 GMT-0300 (hora estándar de Argentina)
[debug] [2023-02-11T01:31:04.944Z] ----------------------------------------------------------------------
[debug] 
[debug] [2023-02-11T01:31:04.954Z] > command requires scopes: ["email","openid","https://www.googleapis.com/auth/cloudplatformprojects.readonly","https://www.googleapis.com/auth/firebase","https://www.googleapis.com/auth/cloud-platform"]
[debug] [2023-02-11T01:31:04.955Z] > authorizing via signed-in user (casativan@gmail.com)
[info] 
     ######## #### ########  ######## ########     ###     ######  ########
     ##        ##  ##     ## ##       ##     ##  ##   ##  ##       ##
     ######    ##  ########  ######   ########  #########  ######  ######
     ##        ##  ##    ##  ##       ##     ## ##     ##       ## ##
     ##       #### ##     ## ######## ########  ##     ##  ######  ########

You're about to initialize a Firebase project in this directory:

  C:\Users\Ivan\Documents\Facu\3-xExtra-YOPROGRAMO\ARCHIVOS-PORTAFOLIO\Repositorios\Oficial_FrontEnd

[info] 
=== Project Setup
[info] 
[info] First, let's associate this project directory with a Firebase project.
[info] You can create multiple project aliases by running firebase use --add, 
[info] but for now we'll just set up a default project.
[info] 
[debug] [2023-02-11T01:31:10.029Z] >>> [apiv2][query] GET https://firebase.googleapis.com/v1beta1/projects pageSize=100
[debug] [2023-02-11T01:31:10.948Z] <<< [apiv2][status] GET https://firebase.googleapis.com/v1beta1/projects 200
[debug] [2023-02-11T01:31:10.948Z] <<< [apiv2][body] GET https://firebase.googleapis.com/v1beta1/projects [omitted]
[info] i  Using project fir-portfolio-220a9 (firebase-portfolio) 
[info] 
=== Hosting Setup
[info] 
[info] Your public directory is the folder (relative to your project directory) that
[info] will contain Hosting assets to be uploaded with firebase deploy. If you
[info] have a build process for your assets, use your build's output directory.
[info] 
[debug] [2023-02-11T01:33:56.197Z] >>> [apiv2][query] GET https://www.gstatic.com/firebasejs/releases.json [none]
[debug] [2023-02-11T01:33:56.389Z] <<< [apiv2][status] GET https://www.gstatic.com/firebasejs/releases.json 200
[debug] [2023-02-11T01:33:56.389Z] <<< [apiv2][body] GET https://www.gstatic.com/firebasejs/releases.json {"current":{"version":"9.17.1","browserURL":"https://www.gstatic.com/firebasejs/9.17.1/firebase.js","packageURL":"https://www.gstatic.com/firebasejs/9.17.1/firebase.tgz"},"live":{"version":"9.17","browserURL":"https://www.gstatic.com/firebasejs/live/9.17/firebase.js","packageURL":"https://www.gstatic.com/firebasejs/live/9.17/firebase.tgz"},"components":{"analytics":"https://www.gstatic.com/firebasejs/9.17.1/firebase-analytics.js","app":"https://www.gstatic.com/firebasejs/9.17.1/firebase-app.js","app-check":"https://www.gstatic.com/firebasejs/9.17.1/firebase-app-check.js","auth":"https://www.gstatic.com/firebasejs/9.17.1/firebase-auth.js","auth/cordova":"https://www.gstatic.com/firebasejs/9.17.1/firebase-auth/cordova.js","auth/react-native":"https://www.gstatic.com/firebasejs/9.17.1/firebase-auth/react-native.js","functions":"https://www.gstatic.com/firebasejs/9.17.1/firebase-functions.js","firestore":"https://www.gstatic.com/firebasejs/9.17.1/firebase-firestore.js","firestore/lite":"https://www.gstatic.com/firebasejs/9.17.1/firebase-firestore/lite.js","installations":"https://www.gstatic.com/firebasejs/9.17.1/firebase-installations.js","storage":"https://www.gstatic.com/firebasejs/9.17.1/firebase-storage.js","performance":"https://www.gstatic.com/firebasejs/9.17.1/firebase-performance.js","remote-config":"https://www.gstatic.com/firebasejs/9.17.1/firebase-remote-config.js","messaging":"https://www.gstatic.com/firebasejs/9.17.1/firebase-messaging.js","messaging/sw":"https://www.gstatic.com/firebasejs/9.17.1/firebase-messaging/sw.js","database":"https://www.gstatic.com/firebasejs/9.17.1/firebase-database.js","firestore.memory":"https://www.gstatic.com/firebasejs/9.17.1/firebase-firestore.memory.js"}}
[info] i  Skipping write of dist/oficial-front-end/index.html 
[info] 
[info] i  Detected a .git folder at C:\Users\Ivan\Documents\Facu\3-xExtra-YOPROGRAMO\ARCHIVOS-PORTAFOLIO\Repositorios\Oficial_FrontEnd 
[info] i  Authorizing with GitHub to upload your service account to a GitHub repository's secrets store. 
[info] 
[info] Visit this URL on this device to log in:
[info] https://github.com/login/oauth/authorize?client_id=89cf50f02ac6aaed3484&state=637294440&redirect_uri=http%3A%2F%2Flocalhost%3A9005&scope=read%3Auser%20repo%20public_repo
[info] 
[info] Waiting for authentication...
[debug] [2023-02-11T01:34:15.595Z] >>> [apiv2][query] POST https://github.com/login/oauth/access_token [none]
[debug] [2023-02-11T01:34:15.595Z] >>> [apiv2][body] POST https://github.com/login/oauth/access_token [stream]
[debug] [2023-02-11T01:34:16.158Z] <<< [apiv2][status] POST https://github.com/login/oauth/access_token 200
[debug] [2023-02-11T01:34:16.158Z] <<< [apiv2][body] POST https://github.com/login/oauth/access_token {"access_token":"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","token_type":"bearer","scope":"read:user,repo"}
[debug] [2023-02-11T01:34:16.163Z] >>> [apiv2][query] GET https://api.github.com/user [none]
[debug] [2023-02-11T01:34:16.604Z] <<< [apiv2][status] GET https://api.github.com/user 200
[debug] [2023-02-11T01:34:16.604Z] <<< [apiv2][body] GET https://api.github.com/user {"login":"IvanCsTGit","id":102324761,"node_id":"U_kgDOBhlaGQ","avatar_url":"https://avatars.githubusercontent.com/u/102324761?v=4","gravatar_id":"","url":"https://api.github.com/users/IvanCsTGit","html_url":"https://github.com/IvanCsTGit","followers_url":"https://api.github.com/users/IvanCsTGit/followers","following_url":"https://api.github.com/users/IvanCsTGit/following{/other_user}","gists_url":"https://api.github.com/users/IvanCsTGit/gists{/gist_id}","starred_url":"https://api.github.com/users/IvanCsTGit/starred{/owner}{/repo}","subscriptions_url":"https://api.github.com/users/IvanCsTGit/subscriptions","organizations_url":"https://api.github.com/users/IvanCsTGit/orgs","repos_url":"https://api.github.com/users/IvanCsTGit/repos","events_url":"https://api.github.com/users/IvanCsTGit/events{/privacy}","received_events_url":"https://api.github.com/users/IvanCsTGit/received_events","type":"User","site_admin":false,"name":"Casatti Ivan","company":null,"blog":"","location":null,"email":null,"hireable":null,"bio":null,"twitter_username":null,"public_repos":1,"public_gists":0,"followers":0,"following":0,"created_at":"2022-03-24T19:33:40Z","updated_at":"2023-02-09T20:28:19Z","private_gists":0,"total_private_repos":2,"owned_private_repos":2,"disk_usage":82588,"collaborators":0,"two_factor_authentication":false,"plan":{"name":"free","space":976562499,"collaborators":0,"private_repos":10000}}
[info] 
[info] +  Success! Logged into GitHub as IvanCsTGit 
[info] 
[debug] [2023-02-11T02:24:05.166Z] ----------------------------------------------------------------------
[debug] [2023-02-11T02:24:05.170Z] Command:       C:\Program Files\nodejs\node.exe C:\Users\Ivan\AppData\Roaming\npm\node_modules\firebase-tools\lib\bin\firebase.js init
[debug] [2023-02-11T02:24:05.171Z] CLI Version:   11.22.0
[debug] [2023-02-11T02:24:05.172Z] Platform:      win32
[debug] [2023-02-11T02:24:05.172Z] Node Version:  v18.14.0
[debug] [2023-02-11T02:24:05.173Z] Time:          Fri Feb 10 2023 23:24:05 GMT-0300 (hora estándar de Argentina)
[debug] [2023-02-11T02:24:05.173Z] ----------------------------------------------------------------------
[debug] 
[debug] [2023-02-11T02:24:05.187Z] > command requires scopes: ["email","openid","https://www.googleapis.com/auth/cloudplatformprojects.readonly","https://www.googleapis.com/auth/firebase","https://www.googleapis.com/auth/cloud-platform"]
[debug] [2023-02-11T02:24:05.188Z] > authorizing via signed-in user (casativan@gmail.com)
[info] 
     ######## #### ########  ######## ########     ###     ######  ########
     ##        ##  ##     ## ##       ##     ##  ##   ##  ##       ##
     ######    ##  ########  ######   ########  #########  ######  ######
     ##        ##  ##    ##  ##       ##     ## ##     ##       ## ##
     ##       #### ##     ## ######## ########  ##     ##  ######  ########

You're about to initialize a Firebase project in this directory:

  C:\Users\Ivan\Documents\Facu\3-xExtra-YOPROGRAMO\ARCHIVOS-PORTAFOLIO\Repositorios\Portfolio-FrontEnd

